<?xml version="1.0" encoding="UTF-8"?>
<testng-results skipped="0" failed="0" ignored="0" total="1" passed="1">
  <reporter-output>
  </reporter-output>
  <suite name="Default suite" duration-ms="47273" started-at="2022-01-10T06:49:24Z" finished-at="2022-01-10T06:50:11Z">
    <groups>
    </groups>
    <test name="Default test" duration-ms="47273" started-at="2022-01-10T06:49:24Z" finished-at="2022-01-10T06:50:11Z">
      <class name="TestscriptsforPom.Testscriptpom">
        <test-method status="PASS" signature="test1()[pri:0, instance:TestscriptsforPom.Testscriptpom@53b32d7]" name="test1" duration-ms="47228" started-at="2022-01-10T06:49:24Z" finished-at="2022-01-10T06:50:11Z">
          <reporter-output>
          </reporter-output>
        </test-method> <!-- test1 -->
      </class> <!-- TestscriptsforPom.Testscriptpom -->
    </test> <!-- Default test -->
  </suite> <!-- Default suite -->
</testng-results>
